<?xml version="1.0" encoding="UTF-8"?>
<robot generator="Robot 7.0.1 (Python 3.12.5 on win32)" generated="2024-09-07T12:23:33.689640" rpa="false" schemaversion="5">
<suite id="s1" name="TestCase1" source="C:\Users\haris\vscode-workspace\Automation\RobotFrameworkLearning\TestCase1.robot">
<test id="s1-t1" name="LoginTest" line="9">
<kw name="Open Browser" owner="SeleniumLibrary">
<msg time="2024-09-07T12:23:33.936013" level="INFO">Opening browser 'chrome' to base url 'https://opensource-demo.orangehrmlive.com/web/index.php/auth/login'.</msg>
<arg>${Url}</arg>
<arg>${Browser}</arg>
<doc>Opens a new browser instance to the optional ``url``.</doc>
<status status="PASS" start="2024-09-07T12:23:33.936013" elapsed="3.803574"/>
</kw>
<kw name="Sleep" owner="BuiltIn">
<msg time="2024-09-07T12:23:40.739912" level="INFO">Slept 3 seconds.</msg>
<arg>3s</arg>
<doc>Pauses the test executed for the given time.</doc>
<status status="PASS" start="2024-09-07T12:23:37.739587" elapsed="3.000325"/>
</kw>
<kw name="Input Text" owner="SeleniumLibrary">
<msg time="2024-09-07T12:23:40.739912" level="INFO">Typing text 'Admin' into text field '//input[@name='username']'.</msg>
<arg>//input[@name='username']</arg>
<arg>Admin</arg>
<doc>Types the given ``text`` into the text field identified by ``locator``.</doc>
<status status="PASS" start="2024-09-07T12:23:40.739912" elapsed="0.096492"/>
</kw>
<kw name="Input Text" owner="SeleniumLibrary">
<msg time="2024-09-07T12:23:40.836404" level="INFO">Typing text 'admin123' into text field '//input[@name='password']'.</msg>
<arg>//input[@name='password']</arg>
<arg>admin123</arg>
<doc>Types the given ``text`` into the text field identified by ``locator``.</doc>
<status status="PASS" start="2024-09-07T12:23:40.836404" elapsed="0.089194"/>
</kw>
<kw name="Click Element" owner="SeleniumLibrary">
<msg time="2024-09-07T12:23:40.926805" level="INFO">Clicking element '//button[@type='submit']'.</msg>
<arg>//button[@type='submit']</arg>
<doc>Click the element identified by ``locator``.</doc>
<status status="PASS" start="2024-09-07T12:23:40.925598" elapsed="0.050054"/>
</kw>
<kw name="Close Browser" owner="SeleniumLibrary">
<doc>Closes the current browser.</doc>
<status status="PASS" start="2024-09-07T12:23:40.976738" elapsed="2.139976"/>
</kw>
<status status="PASS" start="2024-09-07T12:23:33.926980" elapsed="9.189734"/>
</test>
<status status="PASS" start="2024-09-07T12:23:33.689640" elapsed="9.429067"/>
</suite>
<statistics>
<total>
<stat pass="1" fail="0" skip="0">All Tests</stat>
</total>
<tag>
</tag>
<suite>
<stat pass="1" fail="0" skip="0" id="s1" name="TestCase1">TestCase1</stat>
</suite>
</statistics>
<errors>
</errors>
</robot>
